[INFO] - 2021-07-28 09:51:50,158 - 12 tickers got from the DB
[INFO] - 2021-07-28 09:51:50,234 - The database is cleaned
[INFO] - 2021-07-28 09:51:50,284 - 0 tickers got from the DB
[INFO] - 2021-07-28 09:51:50,284 - All tickers are deleted from the DB
[INFO] - 2021-07-28 09:51:50,375 - 511 tickers inserted in DB
[INFO] - 2021-07-28 09:51:50,375 - 510 tickers got from the DB
[INFO] - 2021-07-28 09:51:50,375 - Reading data from Yahoo Finance
[INFO] - 2021-07-28 09:51:54,156 - 510 tickers got from the DB
[INFO] - 2021-07-28 09:51:54,156 - 510 tickers got from the DB
[INFO] - 2021-07-28 09:51:54,228 - The database is cleaned
[INFO] - 2021-07-28 09:51:54,228 - The database is cleaned
[INFO] - 2021-07-28 09:51:54,278 - 0 tickers got from the DB
[INFO] - 2021-07-28 09:51:54,278 - 0 tickers got from the DB
[INFO] - 2021-07-28 09:51:54,278 - All tickers are deleted from the DB
[INFO] - 2021-07-28 09:51:54,278 - All tickers are deleted from the DB
[INFO] - 2021-07-28 09:51:54,369 - 511 tickers inserted in DB
[INFO] - 2021-07-28 09:51:54,369 - 511 tickers inserted in DB
[INFO] - 2021-07-28 09:51:54,369 - 510 tickers got from the DB
[INFO] - 2021-07-28 09:51:54,369 - 510 tickers got from the DB
[INFO] - 2021-07-28 09:51:54,369 - Reading data from Yahoo Finance
[INFO] - 2021-07-28 09:51:54,369 - Reading data from Yahoo Finance
