[INFO] - 2021-07-21 07:45:09,109 - 22 tickers got from the DB
[INFO] - 2021-07-21 07:45:09,263 - 0 tickers got from the DB
[INFO] - 2021-07-21 07:45:09,263 - All tickers are deleted from the DB
[INFO] - 2021-07-21 07:45:09,337 - 23 tickers inserted in DB
[INFO] - 2021-07-21 07:45:09,338 - 22 tickers got from the DB
[INFO] - 2021-07-21 07:45:09,338 - Reading data from Yahoo Finance
[INFO] - 2021-07-21 07:45:13,604 - YFinance data load call. Start date: 2019-08-01. Finish date: 2021-07-21
[INFO] - 2021-07-21 07:45:13,606 - Inserting data into the DB
[INFO] - 2021-07-21 07:45:24,377 - 22 tickers got from the DB
[INFO] - 2021-07-21 07:45:24,554 - 0 tickers got from the DB
[INFO] - 2021-07-21 07:45:24,554 - All tickers are deleted from the DB
[INFO] - 2021-07-21 07:45:24,604 - 23 tickers inserted in DB
[INFO] - 2021-07-21 07:45:24,604 - 22 tickers got from the DB
[INFO] - 2021-07-21 07:45:24,604 - Reading data from Yahoo Finance
[INFO] - 2021-07-21 07:45:28,861 - YFinance data load call. Start date: 2019-08-01. Finish date: 2021-07-21
[INFO] - 2021-07-21 07:45:28,863 - Inserting data into the DB
[INFO] - 2021-07-21 07:45:55,188 - 22 tickers got from the DB
[INFO] - 2021-07-21 07:45:55,286 - 0 tickers got from the DB
[INFO] - 2021-07-21 07:45:55,286 - All tickers are deleted from the DB
[INFO] - 2021-07-21 07:45:55,334 - 23 tickers inserted in DB
[INFO] - 2021-07-21 07:45:55,335 - 22 tickers got from the DB
[INFO] - 2021-07-21 07:45:55,335 - Reading data from Yahoo Finance
[INFO] - 2021-07-21 07:45:59,202 - YFinance data load call. Start date: 2019-08-01. Finish date: 2021-07-21
[INFO] - 2021-07-21 07:45:59,204 - Inserting data into the DB
