[INFO] - 2021-07-21 07:48:03,911 - 22 tickers got from the DB
[INFO] - 2021-07-21 07:48:03,987 - 0 tickers got from the DB
[INFO] - 2021-07-21 07:48:03,987 - 0 tickers got from the DB
[INFO] - 2021-07-21 07:48:03,987 - All tickers are deleted from the DB
[INFO] - 2021-07-21 07:48:03,987 - All tickers are deleted from the DB
[INFO] - 2021-07-21 07:48:04,037 - 35 tickers inserted in DB
[INFO] - 2021-07-21 07:48:04,037 - 35 tickers inserted in DB
[INFO] - 2021-07-21 07:48:04,037 - 34 tickers got from the DB
[INFO] - 2021-07-21 07:48:04,037 - 34 tickers got from the DB
[INFO] - 2021-07-21 07:48:04,037 - Reading data from Yahoo Finance
[INFO] - 2021-07-21 07:48:04,037 - Reading data from Yahoo Finance
[INFO] - 2021-07-21 07:48:04,071 - 34 tickers got from the DB
[INFO] - 2021-07-21 07:48:04,071 - 34 tickers got from the DB
[INFO] - 2021-07-21 07:48:04,163 - 0 tickers got from the DB
[INFO] - 2021-07-21 07:48:04,163 - 0 tickers got from the DB
[INFO] - 2021-07-21 07:48:04,164 - All tickers are deleted from the DB
[INFO] - 2021-07-21 07:48:04,164 - All tickers are deleted from the DB
[INFO] - 2021-07-21 07:48:04,238 - 35 tickers inserted in DB
[INFO] - 2021-07-21 07:48:04,238 - 35 tickers inserted in DB
[INFO] - 2021-07-21 07:48:04,238 - 34 tickers got from the DB
[INFO] - 2021-07-21 07:48:04,238 - 34 tickers got from the DB
[INFO] - 2021-07-21 07:48:04,239 - Reading data from Yahoo Finance
[INFO] - 2021-07-21 07:48:04,239 - Reading data from Yahoo Finance
[INFO] - 2021-07-21 07:48:10,001 - YFinance data load call. Start date: 2019-08-01. Finish date: 2021-07-21
[INFO] - 2021-07-21 07:48:10,001 - YFinance data load call. Start date: 2019-08-01. Finish date: 2021-07-21
[INFO] - 2021-07-21 07:48:10,031 - YFinance data load call. Start date: 2019-08-01. Finish date: 2021-07-21
[INFO] - 2021-07-21 07:48:10,031 - YFinance data load call. Start date: 2019-08-01. Finish date: 2021-07-21
[INFO] - 2021-07-21 07:48:10,064 - Inserting data into the DB
[INFO] - 2021-07-21 07:48:10,064 - Inserting data into the DB
[INFO] - 2021-07-21 07:48:10,066 - Inserting data into the DB
[INFO] - 2021-07-21 07:48:10,066 - Inserting data into the DB
[INFO] - 2021-07-21 07:48:15,427 - 34 tickers got from the DB
[INFO] - 2021-07-21 07:48:15,427 - 34 tickers got from the DB
[INFO] - 2021-07-21 07:48:15,427 - 34 tickers got from the DB
[INFO] - 2021-07-21 07:48:15,497 - 0 tickers got from the DB
[INFO] - 2021-07-21 07:48:15,497 - 0 tickers got from the DB
[INFO] - 2021-07-21 07:48:15,497 - 0 tickers got from the DB
[INFO] - 2021-07-21 07:48:15,498 - All tickers are deleted from the DB
[INFO] - 2021-07-21 07:48:15,498 - All tickers are deleted from the DB
[INFO] - 2021-07-21 07:48:15,498 - All tickers are deleted from the DB
[INFO] - 2021-07-21 07:48:15,554 - 35 tickers inserted in DB
[INFO] - 2021-07-21 07:48:15,554 - 35 tickers inserted in DB
[INFO] - 2021-07-21 07:48:15,554 - 35 tickers inserted in DB
[INFO] - 2021-07-21 07:48:15,554 - 34 tickers got from the DB
[INFO] - 2021-07-21 07:48:15,554 - 34 tickers got from the DB
[INFO] - 2021-07-21 07:48:15,554 - 34 tickers got from the DB
[INFO] - 2021-07-21 07:48:15,555 - Reading data from Yahoo Finance
[INFO] - 2021-07-21 07:48:15,555 - Reading data from Yahoo Finance
[INFO] - 2021-07-21 07:48:15,555 - Reading data from Yahoo Finance
[INFO] - 2021-07-21 07:48:21,103 - YFinance data load call. Start date: 2019-08-01. Finish date: 2021-07-21
[INFO] - 2021-07-21 07:48:21,103 - YFinance data load call. Start date: 2019-08-01. Finish date: 2021-07-21
[INFO] - 2021-07-21 07:48:21,103 - YFinance data load call. Start date: 2019-08-01. Finish date: 2021-07-21
[INFO] - 2021-07-21 07:48:21,106 - Inserting data into the DB
[INFO] - 2021-07-21 07:48:21,106 - Inserting data into the DB
[INFO] - 2021-07-21 07:48:21,106 - Inserting data into the DB
[INFO] - 2021-07-21 07:48:54,790 - 34 tickers got from the DB
[INFO] - 2021-07-21 07:48:54,866 - 0 tickers got from the DB
[INFO] - 2021-07-21 07:48:54,867 - All tickers are deleted from the DB
[INFO] - 2021-07-21 07:48:54,916 - 35 tickers inserted in DB
[INFO] - 2021-07-21 07:48:54,916 - 34 tickers got from the DB
