[INFO] - 2021-08-05 12:37:04,162 - 12 tickers got from the DB
[INFO] - 2021-08-05 12:37:04,513 - The database is cleaned
[INFO] - 2021-08-05 12:37:04,576 - 0 tickers got from the DB
[INFO] - 2021-08-05 12:37:04,576 - All tickers are deleted from the DB
[INFO] - 2021-08-05 12:37:04,626 - 11 tickers inserted in DB
[INFO] - 2021-08-05 12:37:04,626 - 11 tickers got from the DB
[INFO] - 2021-08-05 12:37:04,626 - Reading data from Yahoo Finance
[INFO] - 2021-08-05 12:37:07,143 - YFinance data load call. Start date: 2016-08-31. Finish date: 2021-08-05
[INFO] - 2021-08-05 12:37:07,145 - Inserting data into the DB
[INFO] - 2021-08-05 12:37:38,554 - 11 tickers got from the DB
[INFO] - 2021-08-05 12:37:38,554 - 11 tickers got from the DB
[INFO] - 2021-08-05 12:37:48,657 - 11 tickers got from the DB
[INFO] - 2021-08-05 12:37:48,657 - 11 tickers got from the DB
[INFO] - 2021-08-05 12:37:48,657 - 11 tickers got from the DB
[INFO] - 2021-08-05 12:37:48,744 - 11 tickers got from the DB
[INFO] - 2021-08-05 12:37:48,744 - 11 tickers got from the DB
[INFO] - 2021-08-05 12:37:48,744 - 11 tickers got from the DB
[INFO] - 2021-08-05 12:37:48,744 - 11 tickers got from the DB
[INFO] - 2021-08-05 12:37:48,985 - The database is cleaned
[INFO] - 2021-08-05 12:37:48,985 - The database is cleaned
[INFO] - 2021-08-05 12:37:48,985 - The database is cleaned
[INFO] - 2021-08-05 12:37:48,985 - The database is cleaned
[INFO] - 2021-08-05 12:37:49,044 - 0 tickers got from the DB
[INFO] - 2021-08-05 12:37:49,044 - 0 tickers got from the DB
[INFO] - 2021-08-05 12:37:49,044 - 0 tickers got from the DB
[INFO] - 2021-08-05 12:37:49,044 - 0 tickers got from the DB
[INFO] - 2021-08-05 12:37:49,044 - All tickers are deleted from the DB
[INFO] - 2021-08-05 12:37:49,044 - All tickers are deleted from the DB
[INFO] - 2021-08-05 12:37:49,044 - All tickers are deleted from the DB
[INFO] - 2021-08-05 12:37:49,044 - All tickers are deleted from the DB
[INFO] - 2021-08-05 12:37:49,093 - 1 tickers inserted in DB
[INFO] - 2021-08-05 12:37:49,093 - 1 tickers inserted in DB
[INFO] - 2021-08-05 12:37:49,093 - 1 tickers inserted in DB
[INFO] - 2021-08-05 12:37:49,093 - 1 tickers inserted in DB
[INFO] - 2021-08-05 12:37:49,093 - 1 tickers got from the DB
[INFO] - 2021-08-05 12:37:49,093 - 1 tickers got from the DB
[INFO] - 2021-08-05 12:37:49,093 - 1 tickers got from the DB
[INFO] - 2021-08-05 12:37:49,093 - 1 tickers got from the DB
[INFO] - 2021-08-05 12:37:49,093 - Reading data from Yahoo Finance
[INFO] - 2021-08-05 12:37:49,093 - Reading data from Yahoo Finance
[INFO] - 2021-08-05 12:37:49,093 - Reading data from Yahoo Finance
[INFO] - 2021-08-05 12:37:49,093 - Reading data from Yahoo Finance
[INFO] - 2021-08-05 12:37:50,026 - YFinance data load call. Start date: 2016-08-31. Finish date: 2021-08-05
[INFO] - 2021-08-05 12:37:50,026 - YFinance data load call. Start date: 2016-08-31. Finish date: 2021-08-05
[INFO] - 2021-08-05 12:37:50,026 - YFinance data load call. Start date: 2016-08-31. Finish date: 2021-08-05
[INFO] - 2021-08-05 12:37:50,026 - YFinance data load call. Start date: 2016-08-31. Finish date: 2021-08-05
[INFO] - 2021-08-05 12:37:50,027 - Inserting data into the DB
[INFO] - 2021-08-05 12:37:50,027 - Inserting data into the DB
[INFO] - 2021-08-05 12:37:50,027 - Inserting data into the DB
[INFO] - 2021-08-05 12:37:50,027 - Inserting data into the DB
[INFO] - 2021-08-05 12:37:50,348 - The database is cleaned
[INFO] - 2021-08-05 12:37:50,348 - The database is cleaned
[INFO] - 2021-08-05 12:37:50,348 - The database is cleaned
[INFO] - 2021-08-05 12:37:50,348 - The database is cleaned
[INFO] - 2021-08-05 12:37:50,430 - 0 tickers got from the DB
[INFO] - 2021-08-05 12:37:50,430 - 0 tickers got from the DB
[INFO] - 2021-08-05 12:37:50,430 - 0 tickers got from the DB
[INFO] - 2021-08-05 12:37:50,430 - 0 tickers got from the DB
[INFO] - 2021-08-05 12:37:50,431 - All tickers are deleted from the DB
[INFO] - 2021-08-05 12:37:50,431 - All tickers are deleted from the DB
[INFO] - 2021-08-05 12:37:50,431 - All tickers are deleted from the DB
[INFO] - 2021-08-05 12:37:50,431 - All tickers are deleted from the DB
[INFO] - 2021-08-05 12:37:50,480 - 8 tickers inserted in DB
[INFO] - 2021-08-05 12:37:50,480 - 8 tickers inserted in DB
[INFO] - 2021-08-05 12:37:50,480 - 8 tickers inserted in DB
[INFO] - 2021-08-05 12:37:50,480 - 8 tickers inserted in DB
[INFO] - 2021-08-05 12:37:50,480 - 8 tickers got from the DB
[INFO] - 2021-08-05 12:37:50,480 - 8 tickers got from the DB
[INFO] - 2021-08-05 12:37:50,480 - 8 tickers got from the DB
[INFO] - 2021-08-05 12:37:50,480 - 8 tickers got from the DB
[INFO] - 2021-08-05 12:37:50,480 - Reading data from Yahoo Finance
[INFO] - 2021-08-05 12:37:50,480 - Reading data from Yahoo Finance
[INFO] - 2021-08-05 12:37:50,480 - Reading data from Yahoo Finance
[INFO] - 2021-08-05 12:37:50,480 - Reading data from Yahoo Finance
[INFO] - 2021-08-05 12:37:52,226 - YFinance data load call. Start date: 2016-08-31. Finish date: 2021-08-05
[INFO] - 2021-08-05 12:37:52,226 - YFinance data load call. Start date: 2016-08-31. Finish date: 2021-08-05
[INFO] - 2021-08-05 12:37:52,226 - YFinance data load call. Start date: 2016-08-31. Finish date: 2021-08-05
[INFO] - 2021-08-05 12:37:52,226 - YFinance data load call. Start date: 2016-08-31. Finish date: 2021-08-05
[INFO] - 2021-08-05 12:37:52,227 - Inserting data into the DB
[INFO] - 2021-08-05 12:37:52,227 - Inserting data into the DB
[INFO] - 2021-08-05 12:37:52,227 - Inserting data into the DB
[INFO] - 2021-08-05 12:37:52,227 - Inserting data into the DB
