[INFO] - 2021-08-01 06:33:55,654 - 508 tickers got from the DB
[INFO] - 2021-08-01 06:33:55,870 - The database is cleaned
[INFO] - 2021-08-01 06:33:55,937 - 0 tickers got from the DB
[INFO] - 2021-08-01 06:33:55,937 - All tickers are deleted from the DB
[INFO] - 2021-08-01 06:33:56,043 - 509 tickers inserted in DB
[INFO] - 2021-08-01 06:33:56,043 - 508 tickers got from the DB
[INFO] - 2021-08-01 06:33:56,044 - Reading data from Yahoo Finance
[INFO] - 2021-08-01 06:33:59,653 - 508 tickers got from the DB
[INFO] - 2021-08-01 06:33:59,653 - 508 tickers got from the DB
[INFO] - 2021-08-01 06:33:59,741 - The database is cleaned
[INFO] - 2021-08-01 06:33:59,741 - The database is cleaned
[INFO] - 2021-08-01 06:33:59,803 - 0 tickers got from the DB
[INFO] - 2021-08-01 06:33:59,803 - 0 tickers got from the DB
[INFO] - 2021-08-01 06:33:59,807 - All tickers are deleted from the DB
[INFO] - 2021-08-01 06:33:59,807 - All tickers are deleted from the DB
[INFO] - 2021-08-01 06:33:59,934 - 509 tickers inserted in DB
[INFO] - 2021-08-01 06:33:59,934 - 509 tickers inserted in DB
[INFO] - 2021-08-01 06:33:59,934 - 508 tickers got from the DB
[INFO] - 2021-08-01 06:33:59,934 - 508 tickers got from the DB
[INFO] - 2021-08-01 06:33:59,935 - Reading data from Yahoo Finance
[INFO] - 2021-08-01 06:33:59,935 - Reading data from Yahoo Finance
[INFO] - 2021-08-01 06:36:02,170 - YFinance data load call. Start date: 2021-07-22. Finish date: 2021-08-01
[INFO] - 2021-08-01 06:36:02,170 - YFinance data load call. Start date: 2021-07-22. Finish date: 2021-08-01
[INFO] - 2021-08-01 06:36:02,256 - Inserting data into the DB
[INFO] - 2021-08-01 06:36:02,256 - Inserting data into the DB
[INFO] - 2021-08-01 06:36:02,257 - YFinance data load call. Start date: 2021-07-22. Finish date: 2021-08-01
[INFO] - 2021-08-01 06:36:02,257 - YFinance data load call. Start date: 2021-07-22. Finish date: 2021-08-01
[INFO] - 2021-08-01 06:36:02,436 - Inserting data into the DB
[INFO] - 2021-08-01 06:36:02,436 - Inserting data into the DB
