[INFO] - 2021-08-16 17:28:02,606 - 508 tickers got from the DB
[INFO] - 2021-08-16 17:28:02,751 - The database is cleaned
[INFO] - 2021-08-16 17:28:02,842 - 0 tickers got from the DB
[INFO] - 2021-08-16 17:28:02,842 - All tickers are deleted from the DB
[INFO] - 2021-08-16 17:28:02,907 - 509 tickers inserted in DB
[INFO] - 2021-08-16 17:28:02,908 - 508 tickers got from the DB
[INFO] - 2021-08-16 17:28:02,908 - Reading data from Yahoo Finance
[INFO] - 2021-08-16 17:28:06,607 - 508 tickers got from the DB
[INFO] - 2021-08-16 17:28:06,607 - 508 tickers got from the DB
[INFO] - 2021-08-16 17:28:06,876 - The database is cleaned
[INFO] - 2021-08-16 17:28:06,876 - The database is cleaned
[INFO] - 2021-08-16 17:28:06,933 - 0 tickers got from the DB
[INFO] - 2021-08-16 17:28:06,933 - 0 tickers got from the DB
[INFO] - 2021-08-16 17:28:06,933 - All tickers are deleted from the DB
[INFO] - 2021-08-16 17:28:06,933 - All tickers are deleted from the DB
[INFO] - 2021-08-16 17:28:06,999 - 509 tickers inserted in DB
[INFO] - 2021-08-16 17:28:06,999 - 509 tickers inserted in DB
[INFO] - 2021-08-16 17:28:07,000 - 508 tickers got from the DB
[INFO] - 2021-08-16 17:28:07,000 - 508 tickers got from the DB
[INFO] - 2021-08-16 17:28:07,000 - Reading data from Yahoo Finance
[INFO] - 2021-08-16 17:28:07,000 - Reading data from Yahoo Finance
