[INFO] - 2021-08-12 04:44:18,008 - 508 tickers got from the DB
[INFO] - 2021-08-12 04:44:18,282 - The database is cleaned
[INFO] - 2021-08-12 04:44:18,430 - 0 tickers got from the DB
[INFO] - 2021-08-12 04:44:18,430 - All tickers are deleted from the DB
[INFO] - 2021-08-12 04:44:18,614 - 509 tickers inserted in DB
[INFO] - 2021-08-12 04:44:18,616 - 508 tickers got from the DB
[INFO] - 2021-08-12 04:44:18,616 - Reading data from Yahoo Finance
[INFO] - 2021-08-12 04:44:22,032 - 508 tickers got from the DB
[INFO] - 2021-08-12 04:44:22,032 - 508 tickers got from the DB
[INFO] - 2021-08-12 04:44:22,159 - The database is cleaned
[INFO] - 2021-08-12 04:44:22,159 - The database is cleaned
[INFO] - 2021-08-12 04:44:22,217 - 0 tickers got from the DB
[INFO] - 2021-08-12 04:44:22,217 - 0 tickers got from the DB
[INFO] - 2021-08-12 04:44:22,218 - All tickers are deleted from the DB
[INFO] - 2021-08-12 04:44:22,218 - All tickers are deleted from the DB
[INFO] - 2021-08-12 04:44:22,283 - 509 tickers inserted in DB
[INFO] - 2021-08-12 04:44:22,283 - 509 tickers inserted in DB
[INFO] - 2021-08-12 04:44:22,284 - 508 tickers got from the DB
[INFO] - 2021-08-12 04:44:22,284 - 508 tickers got from the DB
[INFO] - 2021-08-12 04:44:22,285 - Reading data from Yahoo Finance
[INFO] - 2021-08-12 04:44:22,285 - Reading data from Yahoo Finance
[INFO] - 2021-08-12 04:46:08,489 - YFinance data load call. Start date: 2021-08-07. Finish date: 2021-08-12
[INFO] - 2021-08-12 04:46:08,489 - YFinance data load call. Start date: 2021-08-07. Finish date: 2021-08-12
[INFO] - 2021-08-12 04:46:08,601 - YFinance data load call. Start date: 2021-08-07. Finish date: 2021-08-12
[INFO] - 2021-08-12 04:46:08,601 - YFinance data load call. Start date: 2021-08-07. Finish date: 2021-08-12
[INFO] - 2021-08-12 04:46:08,615 - Inserting data into the DB
[INFO] - 2021-08-12 04:46:08,615 - Inserting data into the DB
[INFO] - 2021-08-12 04:46:08,681 - Inserting data into the DB
[INFO] - 2021-08-12 04:46:08,681 - Inserting data into the DB
