[INFO] - 2021-08-10 14:15:18,756 - 508 tickers got from the DB
[INFO] - 2021-08-10 14:15:18,979 - The database is cleaned
[INFO] - 2021-08-10 14:15:19,070 - 0 tickers got from the DB
[INFO] - 2021-08-10 14:15:19,070 - All tickers are deleted from the DB
[INFO] - 2021-08-10 14:15:19,135 - 509 tickers inserted in DB
[INFO] - 2021-08-10 14:15:19,136 - 508 tickers got from the DB
[INFO] - 2021-08-10 14:15:19,136 - Reading data from Yahoo Finance
[INFO] - 2021-08-10 14:15:22,710 - 508 tickers got from the DB
[INFO] - 2021-08-10 14:15:22,710 - 508 tickers got from the DB
[INFO] - 2021-08-10 14:15:22,906 - The database is cleaned
[INFO] - 2021-08-10 14:15:22,906 - The database is cleaned
[INFO] - 2021-08-10 14:15:22,964 - 0 tickers got from the DB
[INFO] - 2021-08-10 14:15:22,964 - 0 tickers got from the DB
[INFO] - 2021-08-10 14:15:22,965 - All tickers are deleted from the DB
[INFO] - 2021-08-10 14:15:22,965 - All tickers are deleted from the DB
[INFO] - 2021-08-10 14:15:23,033 - 509 tickers inserted in DB
[INFO] - 2021-08-10 14:15:23,033 - 509 tickers inserted in DB
[INFO] - 2021-08-10 14:15:23,056 - 508 tickers got from the DB
[INFO] - 2021-08-10 14:15:23,056 - 508 tickers got from the DB
[INFO] - 2021-08-10 14:15:23,056 - Reading data from Yahoo Finance
[INFO] - 2021-08-10 14:15:23,056 - Reading data from Yahoo Finance
[INFO] - 2021-08-10 14:17:12,191 - YFinance data load call. Start date: 2021-08-05. Finish date: 2021-08-10
[INFO] - 2021-08-10 14:17:12,191 - YFinance data load call. Start date: 2021-08-05. Finish date: 2021-08-10
[INFO] - 2021-08-10 14:17:12,269 - YFinance data load call. Start date: 2021-08-05. Finish date: 2021-08-10
[INFO] - 2021-08-10 14:17:12,269 - YFinance data load call. Start date: 2021-08-05. Finish date: 2021-08-10
[INFO] - 2021-08-10 14:17:12,300 - Inserting data into the DB
[INFO] - 2021-08-10 14:17:12,300 - Inserting data into the DB
[INFO] - 2021-08-10 14:17:12,300 - Inserting data into the DB
[INFO] - 2021-08-10 14:17:12,300 - Inserting data into the DB
