[INFO] - 2021-08-09 08:55:04,289 - 508 tickers got from the DB
[INFO] - 2021-08-09 08:55:04,425 - The database is cleaned
[INFO] - 2021-08-09 08:55:04,515 - 0 tickers got from the DB
[INFO] - 2021-08-09 08:55:04,515 - All tickers are deleted from the DB
[INFO] - 2021-08-09 08:55:04,582 - 509 tickers inserted in DB
[INFO] - 2021-08-09 08:55:04,583 - 508 tickers got from the DB
[INFO] - 2021-08-09 08:55:04,583 - Reading data from Yahoo Finance
[INFO] - 2021-08-09 08:57:51,443 - YFinance data load call. Start date: 2021-08-04. Finish date: 2021-08-09
[INFO] - 2021-08-09 08:57:51,458 - Inserting data into the DB
[INFO] - 2021-08-09 08:59:15,366 - 508 tickers got from the DB
[INFO] - 2021-08-09 08:59:41,378 - 508 tickers got from the DB
[INFO] - 2021-08-09 08:59:58,217 - 508 tickers got from the DB
[INFO] - 2021-08-09 08:59:58,496 - The database is cleaned
[INFO] - 2021-08-09 08:59:58,563 - 0 tickers got from the DB
[INFO] - 2021-08-09 08:59:58,563 - All tickers are deleted from the DB
[INFO] - 2021-08-09 08:59:58,682 - 13 tickers inserted in DB
[INFO] - 2021-08-09 08:59:58,682 - 13 tickers got from the DB
[INFO] - 2021-08-09 08:59:58,682 - Reading data from Yahoo Finance
[INFO] - 2021-08-09 09:00:05,885 - YFinance data load call. Start date: 2016-09-04. Finish date: 2021-08-09
[INFO] - 2021-08-09 09:00:05,888 - Inserting data into the DB
