[INFO] - 2021-08-05 10:42:29,741 - 1 tickers got from the DB
[INFO] - 2021-08-05 10:42:29,986 - The database is cleaned
[INFO] - 2021-08-05 10:42:30,037 - 0 tickers got from the DB
[INFO] - 2021-08-05 10:42:30,037 - All tickers are deleted from the DB
[INFO] - 2021-08-05 10:42:30,088 - 9 tickers inserted in DB
[INFO] - 2021-08-05 10:42:30,089 - 9 tickers got from the DB
[INFO] - 2021-08-05 10:42:30,089 - Reading data from Yahoo Finance
[INFO] - 2021-08-05 10:42:32,341 - YFinance data load call. Start date: 2016-08-31. Finish date: 2021-08-05
[INFO] - 2021-08-05 10:42:32,343 - Inserting data into the DB
[INFO] - 2021-08-05 10:42:32,906 - 9 tickers got from the DB
[INFO] - 2021-08-05 10:42:32,906 - 9 tickers got from the DB
[INFO] - 2021-08-05 10:42:33,131 - The database is cleaned
[INFO] - 2021-08-05 10:42:33,131 - The database is cleaned
[INFO] - 2021-08-05 10:42:33,189 - 0 tickers got from the DB
[INFO] - 2021-08-05 10:42:33,189 - 0 tickers got from the DB
[INFO] - 2021-08-05 10:42:33,190 - All tickers are deleted from the DB
[INFO] - 2021-08-05 10:42:33,190 - All tickers are deleted from the DB
[INFO] - 2021-08-05 10:42:33,239 - 1 tickers inserted in DB
[INFO] - 2021-08-05 10:42:33,239 - 1 tickers inserted in DB
[INFO] - 2021-08-05 10:42:33,239 - 1 tickers got from the DB
[INFO] - 2021-08-05 10:42:33,239 - 1 tickers got from the DB
[INFO] - 2021-08-05 10:42:33,240 - Reading data from Yahoo Finance
[INFO] - 2021-08-05 10:42:33,240 - Reading data from Yahoo Finance
[INFO] - 2021-08-05 10:42:33,880 - YFinance data load call. Start date: 2016-08-31. Finish date: 2021-08-05
[INFO] - 2021-08-05 10:42:33,880 - YFinance data load call. Start date: 2016-08-31. Finish date: 2021-08-05
[INFO] - 2021-08-05 10:42:33,882 - Inserting data into the DB
[INFO] - 2021-08-05 10:42:33,882 - Inserting data into the DB
