[INFO] - 2021-07-27 07:48:52,359 - 512 tickers got from the DB
[INFO] - 2021-07-27 07:48:52,424 - The database is cleaned
[INFO] - 2021-07-27 07:48:52,483 - 0 tickers got from the DB
[INFO] - 2021-07-27 07:48:52,483 - All tickers are deleted from the DB
[INFO] - 2021-07-27 07:48:52,576 - 513 tickers inserted in DB
[INFO] - 2021-07-27 07:48:52,577 - 512 tickers got from the DB
[INFO] - 2021-07-27 07:48:52,577 - Reading data from Yahoo Finance
[INFO] - 2021-07-27 07:48:56,353 - 512 tickers got from the DB
[INFO] - 2021-07-27 07:48:56,353 - 512 tickers got from the DB
[INFO] - 2021-07-27 07:48:56,493 - The database is cleaned
[INFO] - 2021-07-27 07:48:56,493 - The database is cleaned
[INFO] - 2021-07-27 07:48:56,582 - 0 tickers got from the DB
[INFO] - 2021-07-27 07:48:56,582 - 0 tickers got from the DB
[INFO] - 2021-07-27 07:48:56,582 - All tickers are deleted from the DB
[INFO] - 2021-07-27 07:48:56,582 - All tickers are deleted from the DB
[INFO] - 2021-07-27 07:48:56,646 - 513 tickers inserted in DB
[INFO] - 2021-07-27 07:48:56,646 - 513 tickers inserted in DB
[INFO] - 2021-07-27 07:48:56,676 - 512 tickers got from the DB
[INFO] - 2021-07-27 07:48:56,676 - 512 tickers got from the DB
[INFO] - 2021-07-27 07:48:56,676 - Reading data from Yahoo Finance
[INFO] - 2021-07-27 07:48:56,676 - Reading data from Yahoo Finance
[INFO] - 2021-07-27 07:50:45,131 - YFinance data load call. Start date: 2021-07-24. Finish date: 2021-07-27
[INFO] - 2021-07-27 07:50:45,131 - YFinance data load call. Start date: 2021-07-24. Finish date: 2021-07-27
[INFO] - 2021-07-27 07:50:45,186 - YFinance data load call. Start date: 2021-07-24. Finish date: 2021-07-27
[INFO] - 2021-07-27 07:50:45,186 - YFinance data load call. Start date: 2021-07-24. Finish date: 2021-07-27
[INFO] - 2021-07-27 07:50:45,200 - Inserting data into the DB
[INFO] - 2021-07-27 07:50:45,200 - Inserting data into the DB
[INFO] - 2021-07-27 07:50:45,257 - Inserting data into the DB
[INFO] - 2021-07-27 07:50:45,257 - Inserting data into the DB
