[INFO] - 2021-07-28 17:52:23,453 - 30 tickers got from the DB
[INFO] - 2021-07-28 17:52:23,544 - The database is cleaned
[INFO] - 2021-07-28 17:52:23,593 - 0 tickers got from the DB
[INFO] - 2021-07-28 17:52:23,593 - All tickers are deleted from the DB
[INFO] - 2021-07-28 17:52:23,683 - 511 tickers inserted in DB
[INFO] - 2021-07-28 17:52:23,684 - 510 tickers got from the DB
[INFO] - 2021-07-28 17:52:23,685 - Reading data from Yahoo Finance
[INFO] - 2021-07-28 17:52:27,449 - 510 tickers got from the DB
[INFO] - 2021-07-28 17:52:27,449 - 510 tickers got from the DB
[INFO] - 2021-07-28 17:52:27,518 - The database is cleaned
[INFO] - 2021-07-28 17:52:27,518 - The database is cleaned
[INFO] - 2021-07-28 17:52:27,588 - 0 tickers got from the DB
[INFO] - 2021-07-28 17:52:27,588 - 0 tickers got from the DB
[INFO] - 2021-07-28 17:52:27,590 - All tickers are deleted from the DB
[INFO] - 2021-07-28 17:52:27,590 - All tickers are deleted from the DB
[INFO] - 2021-07-28 17:52:27,667 - 511 tickers inserted in DB
[INFO] - 2021-07-28 17:52:27,667 - 511 tickers inserted in DB
[INFO] - 2021-07-28 17:52:27,668 - 510 tickers got from the DB
[INFO] - 2021-07-28 17:52:27,668 - 510 tickers got from the DB
[INFO] - 2021-07-28 17:52:27,668 - Reading data from Yahoo Finance
[INFO] - 2021-07-28 17:52:27,668 - Reading data from Yahoo Finance
[INFO] - 2021-07-28 17:52:39,150 - 510 tickers got from the DB
[INFO] - 2021-07-28 17:52:39,214 - The database is cleaned
[INFO] - 2021-07-28 17:52:39,272 - 0 tickers got from the DB
[INFO] - 2021-07-28 17:52:39,272 - All tickers are deleted from the DB
[INFO] - 2021-07-28 17:52:39,362 - 511 tickers inserted in DB
[INFO] - 2021-07-28 17:52:39,362 - 510 tickers got from the DB
[INFO] - 2021-07-28 17:52:39,362 - Reading data from Yahoo Finance
