[INFO] - 2021-08-09 12:24:32,572 - 13 tickers got from the DB
[INFO] - 2021-08-09 12:27:53,377 - 13 tickers got from the DB
[INFO] - 2021-08-09 12:30:18,942 - 13 tickers got from the DB
[INFO] - 2021-08-09 12:30:22,800 - 13 tickers got from the DB
[INFO] - 2021-08-09 12:30:24,219 - 13 tickers got from the DB
[INFO] - 2021-08-09 12:30:41,501 - 13 tickers got from the DB
[INFO] - 2021-08-09 12:32:19,573 - 13 tickers got from the DB
[INFO] - 2021-08-09 12:34:00,906 - 13 tickers got from the DB
[INFO] - 2021-08-09 12:34:23,316 - 13 tickers got from the DB
[INFO] - 2021-08-09 12:36:02,400 - 13 tickers got from the DB
[INFO] - 2021-08-09 12:36:06,046 - 13 tickers got from the DB
[INFO] - 2021-08-09 12:36:21,331 - 13 tickers got from the DB
[INFO] - 2021-08-09 12:36:32,114 - 13 tickers got from the DB
[INFO] - 2021-08-09 12:37:05,650 - 13 tickers got from the DB
[INFO] - 2021-08-09 12:37:51,416 - 13 tickers got from the DB
[INFO] - 2021-08-09 12:39:09,999 - 13 tickers got from the DB
[INFO] - 2021-08-09 12:39:38,203 - 13 tickers got from the DB
[INFO] - 2021-08-09 12:39:50,415 - 13 tickers got from the DB
[INFO] - 2021-08-09 12:40:25,534 - 13 tickers got from the DB
[INFO] - 2021-08-09 12:40:53,295 - 13 tickers got from the DB
[INFO] - 2021-08-09 12:42:05,833 - 13 tickers got from the DB
[INFO] - 2021-08-09 12:42:51,781 - 13 tickers got from the DB
[INFO] - 2021-08-09 12:44:16,327 - 13 tickers got from the DB
[INFO] - 2021-08-09 12:46:15,936 - 13 tickers got from the DB
[INFO] - 2021-08-09 12:46:59,471 - 13 tickers got from the DB
[INFO] - 2021-08-09 12:47:42,387 - 13 tickers got from the DB
[INFO] - 2021-08-09 12:48:07,540 - 13 tickers got from the DB
[INFO] - 2021-08-09 12:48:07,933 - The database is cleaned
[INFO] - 2021-08-09 12:48:07,991 - 0 tickers got from the DB
[INFO] - 2021-08-09 12:48:07,992 - All tickers are deleted from the DB
[INFO] - 2021-08-09 12:48:08,051 - 13 tickers inserted in DB
[INFO] - 2021-08-09 12:48:08,052 - 13 tickers got from the DB
[INFO] - 2021-08-09 12:48:08,053 - Reading data from Yahoo Finance
[INFO] - 2021-08-09 12:48:11,566 - YFinance data load call. Start date: 2016-09-04. Finish date: 2021-08-09
[INFO] - 2021-08-09 12:48:11,569 - Inserting data into the DB
[INFO] - 2021-08-09 12:48:31,108 - 13 tickers got from the DB
[INFO] - 2021-08-09 12:50:51,949 - 13 tickers got from the DB
[INFO] - 2021-08-09 12:51:38,735 - 13 tickers got from the DB
[INFO] - 2021-08-09 12:51:46,375 - 13 tickers got from the DB
[INFO] - 2021-08-09 12:51:50,879 - 13 tickers got from the DB
[INFO] - 2021-08-09 12:51:55,519 - 13 tickers got from the DB
[INFO] - 2021-08-09 12:52:03,343 - 13 tickers got from the DB
[INFO] - 2021-08-09 12:52:11,615 - 13 tickers got from the DB
[INFO] - 2021-08-09 12:52:18,598 - 13 tickers got from the DB
[INFO] - 2021-08-09 12:52:24,752 - 13 tickers got from the DB
[INFO] - 2021-08-09 12:55:05,147 - 13 tickers got from the DB
[INFO] - 2021-08-09 12:55:05,570 - The database is cleaned
[INFO] - 2021-08-09 12:55:05,634 - 0 tickers got from the DB
[INFO] - 2021-08-09 12:55:05,635 - All tickers are deleted from the DB
[INFO] - 2021-08-09 12:55:05,693 - 14 tickers inserted in DB
[INFO] - 2021-08-09 12:55:05,694 - 14 tickers got from the DB
[INFO] - 2021-08-09 12:55:05,695 - Reading data from Yahoo Finance
[INFO] - 2021-08-09 12:55:08,516 - YFinance data load call. Start date: 2016-09-04. Finish date: 2021-08-09
[INFO] - 2021-08-09 12:55:08,520 - Inserting data into the DB
