[INFO] - 2021-08-05 11:59:12,680 - 11 tickers got from the DB
[INFO] - 2021-08-05 11:59:12,779 - 11 tickers got from the DB
[INFO] - 2021-08-05 11:59:12,779 - 11 tickers got from the DB
[INFO] - 2021-08-05 11:59:13,004 - The database is cleaned
[INFO] - 2021-08-05 11:59:13,004 - The database is cleaned
[INFO] - 2021-08-05 11:59:13,063 - 0 tickers got from the DB
[INFO] - 2021-08-05 11:59:13,063 - 0 tickers got from the DB
[INFO] - 2021-08-05 11:59:13,063 - All tickers are deleted from the DB
[INFO] - 2021-08-05 11:59:13,063 - All tickers are deleted from the DB
[INFO] - 2021-08-05 11:59:13,113 - 1 tickers inserted in DB
[INFO] - 2021-08-05 11:59:13,113 - 1 tickers inserted in DB
[INFO] - 2021-08-05 11:59:13,113 - 1 tickers got from the DB
[INFO] - 2021-08-05 11:59:13,113 - 1 tickers got from the DB
[INFO] - 2021-08-05 11:59:13,113 - Reading data from Yahoo Finance
[INFO] - 2021-08-05 11:59:13,113 - Reading data from Yahoo Finance
[INFO] - 2021-08-05 11:59:13,779 - YFinance data load call. Start date: 2016-08-31. Finish date: 2021-08-05
[INFO] - 2021-08-05 11:59:13,779 - YFinance data load call. Start date: 2016-08-31. Finish date: 2021-08-05
[INFO] - 2021-08-05 11:59:13,780 - Inserting data into the DB
[INFO] - 2021-08-05 11:59:13,780 - Inserting data into the DB
[INFO] - 2021-08-05 11:59:14,003 - The database is cleaned
[INFO] - 2021-08-05 11:59:14,003 - The database is cleaned
[INFO] - 2021-08-05 11:59:14,053 - 0 tickers got from the DB
[INFO] - 2021-08-05 11:59:14,053 - 0 tickers got from the DB
[INFO] - 2021-08-05 11:59:14,053 - All tickers are deleted from the DB
[INFO] - 2021-08-05 11:59:14,053 - All tickers are deleted from the DB
[INFO] - 2021-08-05 11:59:14,110 - 13 tickers inserted in DB
[INFO] - 2021-08-05 11:59:14,110 - 13 tickers inserted in DB
[INFO] - 2021-08-05 11:59:14,110 - 13 tickers got from the DB
[INFO] - 2021-08-05 11:59:14,110 - 13 tickers got from the DB
[INFO] - 2021-08-05 11:59:14,110 - Reading data from Yahoo Finance
[INFO] - 2021-08-05 11:59:14,110 - Reading data from Yahoo Finance
[INFO] - 2021-08-05 11:59:16,900 - YFinance data load call. Start date: 2016-08-31. Finish date: 2021-08-05
[INFO] - 2021-08-05 11:59:16,900 - YFinance data load call. Start date: 2016-08-31. Finish date: 2021-08-05
[INFO] - 2021-08-05 11:59:16,902 - Inserting data into the DB
[INFO] - 2021-08-05 11:59:16,902 - Inserting data into the DB
