[INFO] - 2021-07-31 10:38:51,273 - 508 tickers got from the DB
[INFO] - 2021-07-31 10:38:51,486 - The database is cleaned
[INFO] - 2021-07-31 10:38:51,570 - 0 tickers got from the DB
[INFO] - 2021-07-31 10:38:51,570 - All tickers are deleted from the DB
[INFO] - 2021-07-31 10:38:51,636 - 509 tickers inserted in DB
[INFO] - 2021-07-31 10:38:51,637 - 508 tickers got from the DB
[INFO] - 2021-07-31 10:38:51,637 - Reading data from Yahoo Finance
[INFO] - 2021-07-31 10:38:55,272 - 508 tickers got from the DB
[INFO] - 2021-07-31 10:38:55,272 - 508 tickers got from the DB
[INFO] - 2021-07-31 10:38:55,558 - The database is cleaned
[INFO] - 2021-07-31 10:38:55,558 - The database is cleaned
[INFO] - 2021-07-31 10:38:55,648 - 0 tickers got from the DB
[INFO] - 2021-07-31 10:38:55,648 - 0 tickers got from the DB
[INFO] - 2021-07-31 10:38:55,648 - All tickers are deleted from the DB
[INFO] - 2021-07-31 10:38:55,648 - All tickers are deleted from the DB
[INFO] - 2021-07-31 10:38:55,774 - 509 tickers inserted in DB
[INFO] - 2021-07-31 10:38:55,774 - 509 tickers inserted in DB
[INFO] - 2021-07-31 10:38:55,796 - 508 tickers got from the DB
[INFO] - 2021-07-31 10:38:55,796 - 508 tickers got from the DB
[INFO] - 2021-07-31 10:38:55,797 - Reading data from Yahoo Finance
[INFO] - 2021-07-31 10:38:55,797 - Reading data from Yahoo Finance
