[INFO] - 2021-07-29 07:02:10,323 - 510 tickers got from the DB
[INFO] - 2021-07-29 07:02:10,536 - The database is cleaned
[INFO] - 2021-07-29 07:02:10,693 - 0 tickers got from the DB
[INFO] - 2021-07-29 07:02:10,693 - All tickers are deleted from the DB
[INFO] - 2021-07-29 07:02:10,758 - 511 tickers inserted in DB
[INFO] - 2021-07-29 07:02:10,759 - 510 tickers got from the DB
[INFO] - 2021-07-29 07:02:10,759 - Reading data from Yahoo Finance
[INFO] - 2021-07-29 07:02:14,268 - 510 tickers got from the DB
[INFO] - 2021-07-29 07:02:14,268 - 510 tickers got from the DB
[INFO] - 2021-07-29 07:02:14,319 - The database is cleaned
[INFO] - 2021-07-29 07:02:14,319 - The database is cleaned
[INFO] - 2021-07-29 07:02:14,378 - 0 tickers got from the DB
[INFO] - 2021-07-29 07:02:14,378 - 0 tickers got from the DB
[INFO] - 2021-07-29 07:02:14,380 - All tickers are deleted from the DB
[INFO] - 2021-07-29 07:02:14,380 - All tickers are deleted from the DB
[INFO] - 2021-07-29 07:02:14,459 - 511 tickers inserted in DB
[INFO] - 2021-07-29 07:02:14,459 - 511 tickers inserted in DB
[INFO] - 2021-07-29 07:02:14,461 - 510 tickers got from the DB
[INFO] - 2021-07-29 07:02:14,461 - 510 tickers got from the DB
[INFO] - 2021-07-29 07:02:14,462 - Reading data from Yahoo Finance
[INFO] - 2021-07-29 07:02:14,462 - Reading data from Yahoo Finance
[INFO] - 2021-07-29 07:04:04,617 - YFinance data load call. Start date: 2021-07-27. Finish date: 2021-07-29
[INFO] - 2021-07-29 07:04:04,617 - YFinance data load call. Start date: 2021-07-27. Finish date: 2021-07-29
[INFO] - 2021-07-29 07:04:04,687 - YFinance data load call. Start date: 2021-07-27. Finish date: 2021-07-29
[INFO] - 2021-07-29 07:04:04,687 - YFinance data load call. Start date: 2021-07-27. Finish date: 2021-07-29
[INFO] - 2021-07-29 07:04:04,728 - Inserting data into the DB
[INFO] - 2021-07-29 07:04:04,728 - Inserting data into the DB
[INFO] - 2021-07-29 07:04:04,728 - Inserting data into the DB
[INFO] - 2021-07-29 07:04:04,728 - Inserting data into the DB
