[INFO] - 2021-08-05 11:54:23,442 - 1 tickers got from the DB
[INFO] - 2021-08-05 11:54:23,564 - 1 tickers got from the DB
[INFO] - 2021-08-05 11:54:23,564 - 1 tickers got from the DB
[INFO] - 2021-08-05 11:54:23,614 - The database is cleaned
[INFO] - 2021-08-05 11:54:23,614 - The database is cleaned
[INFO] - 2021-08-05 11:54:23,663 - 0 tickers got from the DB
[INFO] - 2021-08-05 11:54:23,663 - 0 tickers got from the DB
[INFO] - 2021-08-05 11:54:23,663 - All tickers are deleted from the DB
[INFO] - 2021-08-05 11:54:23,663 - All tickers are deleted from the DB
[INFO] - 2021-08-05 11:54:23,713 - 1 tickers inserted in DB
[INFO] - 2021-08-05 11:54:23,713 - 1 tickers inserted in DB
[INFO] - 2021-08-05 11:54:23,713 - 1 tickers got from the DB
[INFO] - 2021-08-05 11:54:23,713 - 1 tickers got from the DB
[INFO] - 2021-08-05 11:54:23,713 - Reading data from Yahoo Finance
[INFO] - 2021-08-05 11:54:23,713 - Reading data from Yahoo Finance
[INFO] - 2021-08-05 11:54:24,534 - YFinance data load call. Start date: 2016-08-31. Finish date: 2021-08-05
[INFO] - 2021-08-05 11:54:24,534 - YFinance data load call. Start date: 2016-08-31. Finish date: 2021-08-05
[INFO] - 2021-08-05 11:54:24,535 - Inserting data into the DB
[INFO] - 2021-08-05 11:54:24,535 - Inserting data into the DB
[INFO] - 2021-08-05 11:54:24,713 - The database is cleaned
[INFO] - 2021-08-05 11:54:24,713 - The database is cleaned
[INFO] - 2021-08-05 11:54:24,761 - 0 tickers got from the DB
[INFO] - 2021-08-05 11:54:24,761 - 0 tickers got from the DB
[INFO] - 2021-08-05 11:54:24,761 - All tickers are deleted from the DB
[INFO] - 2021-08-05 11:54:24,761 - All tickers are deleted from the DB
[INFO] - 2021-08-05 11:54:24,819 - 13 tickers inserted in DB
[INFO] - 2021-08-05 11:54:24,819 - 13 tickers inserted in DB
[INFO] - 2021-08-05 11:54:24,820 - 13 tickers got from the DB
[INFO] - 2021-08-05 11:54:24,820 - 13 tickers got from the DB
[INFO] - 2021-08-05 11:54:24,820 - Reading data from Yahoo Finance
[INFO] - 2021-08-05 11:54:24,820 - Reading data from Yahoo Finance
[INFO] - 2021-08-05 11:54:27,723 - YFinance data load call. Start date: 2016-08-31. Finish date: 2021-08-05
[INFO] - 2021-08-05 11:54:27,723 - YFinance data load call. Start date: 2016-08-31. Finish date: 2021-08-05
[INFO] - 2021-08-05 11:54:27,725 - Inserting data into the DB
[INFO] - 2021-08-05 11:54:27,725 - Inserting data into the DB
